[0m21:36:47.610615 [debug] [MainThread]: Sending event: {'category': 'dbt', 'action': 'invocation', 'label': 'start', 'context': [<snowplow_tracker.self_describing_json.SelfDescribingJson object at 0x000001AE28174800>, <snowplow_tracker.self_describing_json.SelfDescribingJson object at 0x000001AE28176030>, <snowplow_tracker.self_describing_json.SelfDescribingJson object at 0x000001AE269BBBC0>]}


============================== 21:36:47.720415 | c2af698c-f6b9-46aa-a621-17c86b0b0e99 ==============================
[0m21:36:47.720415 [info ] [MainThread]: Running with dbt=1.11.7
[0m21:36:47.722497 [debug] [MainThread]: running dbt with arguments {'version_check': 'True', 'no_print': 'None', 'static_parser': 'True', 'warn_error_options': 'WarnErrorOptionsV2(error=[], warn=[], silence=[])', 'target_path': 'None', 'printer_width': '80', 'write_json': 'True', 'empty': 'None', 'log_cache_events': 'False', 'introspect': 'True', 'cache_selected_only': 'False', 'log_format': 'default', 'debug': 'False', 'fail_fast': 'False', 'profiles_dir': 'C:\\Users\\mahesh\\.dbt', 'send_anonymous_usage_stats': 'True', 'quiet': 'False', 'warn_error': 'None', 'partial_parse': 'True', 'use_colors': 'True', 'invocation_command': 'dbt init', 'indirect_selection': 'eager', 'use_experimental_parser': 'False', 'log_path': 'logs'}
[0m21:36:48.135226 [info ] [MainThread]: Creating dbt configuration folder at C:\Users\mahesh\.dbt
[0m21:37:29.326018 [debug] [MainThread]: Starter project path: C:\Users\mahesh\Documents\aws-snowflake-dbt\DBT_Snowflake\.venv\Lib\site-packages\dbt\include\starter_project
[0m21:37:29.371398 [info ] [MainThread]: 
Your new dbt project "aws_dbt_snowflake_project" was created!

For more information on how to configure the profiles.yml file,
please consult the dbt documentation here:

  https://docs.getdbt.com/docs/configure-your-profile

One more thing:

Need help? Don't hesitate to reach out to us via GitHub issues or on Slack:

  https://community.getdbt.com/

Happy modeling!

[0m21:37:29.371398 [info ] [MainThread]: Setting up your profile.
[0m21:38:01.728450 [debug] [MainThread]: Snowflake adapter: Setting snowflake.connector to ERROR (file logging only)
[0m21:38:01.728450 [debug] [MainThread]: Snowflake adapter: Setting botocore to ERROR (file logging only)
[0m21:38:01.728450 [debug] [MainThread]: Snowflake adapter: Setting boto3 to ERROR (file logging only)
[0m21:43:03.271578 [info ] [MainThread]: Profile aws_dbt_snowflake_project written to C:\Users\mahesh\.dbt\profiles.yml using target's profile_template.yml and your supplied values. Run 'dbt debug' to validate the connection.
[0m21:43:03.271578 [debug] [MainThread]: Command `dbt init` succeeded at 21:43:03.271578 after 375.82 seconds
[0m21:43:03.274804 [debug] [MainThread]: Sending event: {'category': 'dbt', 'action': 'invocation', 'label': 'end', 'context': [<snowplow_tracker.self_describing_json.SelfDescribingJson object at 0x000001AE287A1760>, <snowplow_tracker.self_describing_json.SelfDescribingJson object at 0x000001AE2A70BD40>, <snowplow_tracker.self_describing_json.SelfDescribingJson object at 0x000001AE290CCE00>]}
[0m21:43:03.274804 [debug] [MainThread]: Flushing usage events
[0m21:43:04.524828 [debug] [MainThread]: An error was encountered while trying to flush usage events
[0m22:38:08.147961 [debug] [MainThread]: Sending event: {'category': 'dbt', 'action': 'invocation', 'label': 'start', 'context': [<snowplow_tracker.self_describing_json.SelfDescribingJson object at 0x000001CEDFA38620>, <snowplow_tracker.self_describing_json.SelfDescribingJson object at 0x000001CEDD6F2CF0>, <snowplow_tracker.self_describing_json.SelfDescribingJson object at 0x000001CEDEFD2660>]}


============================== 22:38:08.156848 | 826c11b6-e4b7-4fce-9969-97acd012f0d9 ==============================
[0m22:38:08.156848 [info ] [MainThread]: Running with dbt=1.11.7
[0m22:38:08.156848 [debug] [MainThread]: running dbt with arguments {'version_check': 'True', 'no_print': 'None', 'static_parser': 'True', 'warn_error_options': 'WarnErrorOptionsV2(error=[], warn=[], silence=[])', 'target_path': 'None', 'printer_width': '80', 'write_json': 'True', 'empty': 'False', 'log_cache_events': 'False', 'introspect': 'True', 'cache_selected_only': 'False', 'log_format': 'default', 'debug': 'False', 'fail_fast': 'False', 'partial_parse': 'True', 'send_anonymous_usage_stats': 'True', 'quiet': 'False', 'warn_error': 'None', 'profiles_dir': 'C:\\Users\\mahesh\\.dbt', 'indirect_selection': 'eager', 'use_colors': 'True', 'invocation_command': 'dbt run --select models/demo', 'use_experimental_parser': 'False', 'log_path': 'logs'}
[0m22:38:08.172510 [error] [MainThread]: Encountered an error:
Runtime Error
  No dbt_project.yml found at expected path C:\Users\mahesh\Documents\aws-snowflake-dbt\DBT_Snowflake\dbt_project.yml
  Verify that each entry within packages.yml (and their transitive dependencies) contains a file named dbt_project.yml
  
[0m22:38:08.176505 [debug] [MainThread]: Command `dbt run` failed at 22:38:08.176505 after 0.38 seconds
[0m22:38:08.178516 [debug] [MainThread]: Sending event: {'category': 'dbt', 'action': 'invocation', 'label': 'end', 'context': [<snowplow_tracker.self_describing_json.SelfDescribingJson object at 0x000001CEDFA38620>, <snowplow_tracker.self_describing_json.SelfDescribingJson object at 0x000001CEDFDB1430>, <snowplow_tracker.self_describing_json.SelfDescribingJson object at 0x000001CEE176CDD0>]}
[0m22:38:08.178516 [debug] [MainThread]: Flushing usage events
[0m22:38:09.517881 [debug] [MainThread]: An error was encountered while trying to flush usage events
[0m20:48:26.650442 [debug] [MainThread]: Sending event: {'category': 'dbt', 'action': 'invocation', 'label': 'start', 'context': [<snowplow_tracker.self_describing_json.SelfDescribingJson object at 0x000001E1F2680A40>, <snowplow_tracker.self_describing_json.SelfDescribingJson object at 0x000001E1F1D71520>, <snowplow_tracker.self_describing_json.SelfDescribingJson object at 0x000001E1F54A17F0>]}


============================== 20:48:26.670074 | 5e90c187-1413-4e3c-a6d3-7c0c7ef51f7d ==============================
[0m20:48:26.670074 [info ] [MainThread]: Running with dbt=1.11.7
[0m20:48:26.675802 [debug] [MainThread]: running dbt with arguments {'version_check': 'True', 'no_print': 'None', 'static_parser': 'True', 'target_path': 'None', 'warn_error_options': 'WarnErrorOptionsV2(error=[], warn=[], silence=[])', 'printer_width': '80', 'write_json': 'True', 'introspect': 'True', 'log_cache_events': 'False', 'empty': 'False', 'cache_selected_only': 'False', 'log_format': 'default', 'debug': 'False', 'fail_fast': 'False', 'partial_parse': 'True', 'send_anonymous_usage_stats': 'True', 'quiet': 'False', 'warn_error': 'None', 'profiles_dir': 'C:\\Users\\mahesh\\.dbt', 'invocation_command': 'dbt run --select models/demo', 'use_colors': 'True', 'indirect_selection': 'eager', 'use_experimental_parser': 'False', 'log_path': 'logs'}
[0m20:48:26.675802 [error] [MainThread]: Encountered an error:
Runtime Error
  No dbt_project.yml found at expected path C:\Users\mahesh\Documents\aws-snowflake-dbt\DBT_Snowflake\dbt_project.yml
  Verify that each entry within packages.yml (and their transitive dependencies) contains a file named dbt_project.yml
  
[0m20:48:26.675802 [debug] [MainThread]: Command `dbt run` failed at 20:48:26.675802 after 0.34 seconds
[0m20:48:26.682580 [debug] [MainThread]: Sending event: {'category': 'dbt', 'action': 'invocation', 'label': 'end', 'context': [<snowplow_tracker.self_describing_json.SelfDescribingJson object at 0x000001E1F54C7980>, <snowplow_tracker.self_describing_json.SelfDescribingJson object at 0x000001E1F5A45070>, <snowplow_tracker.self_describing_json.SelfDescribingJson object at 0x000001E1F595CEC0>]}
[0m20:48:26.684604 [debug] [MainThread]: Flushing usage events
[0m20:48:27.761897 [debug] [MainThread]: An error was encountered while trying to flush usage events
[0m20:52:05.093332 [debug] [MainThread]: Sending event: {'category': 'dbt', 'action': 'invocation', 'label': 'start', 'context': [<snowplow_tracker.self_describing_json.SelfDescribingJson object at 0x0000020337E91E80>, <snowplow_tracker.self_describing_json.SelfDescribingJson object at 0x0000020337E91E20>, <snowplow_tracker.self_describing_json.SelfDescribingJson object at 0x0000020337E904A0>]}


============================== 20:52:05.093332 | e0b2abef-2ad5-41f3-a10b-4b036ee32dea ==============================
[0m20:52:05.093332 [info ] [MainThread]: Running with dbt=1.11.7
[0m20:52:05.108445 [debug] [MainThread]: running dbt with arguments {'version_check': 'True', 'no_print': 'None', 'static_parser': 'True', 'warn_error_options': 'WarnErrorOptionsV2(error=[], warn=[], silence=[])', 'target_path': 'None', 'printer_width': '80', 'write_json': 'True', 'introspect': 'True', 'log_cache_events': 'False', 'empty': 'False', 'cache_selected_only': 'False', 'log_format': 'default', 'debug': 'False', 'fail_fast': 'False', 'partial_parse': 'True', 'send_anonymous_usage_stats': 'True', 'quiet': 'False', 'warn_error': 'None', 'profiles_dir': 'C:\\Users\\mahesh\\.dbt', 'use_colors': 'True', 'invocation_command': 'dbt compile', 'indirect_selection': 'eager', 'use_experimental_parser': 'False', 'log_path': 'logs'}
[0m20:52:05.108445 [error] [MainThread]: Encountered an error:
Runtime Error
  No dbt_project.yml found at expected path C:\Users\mahesh\Documents\aws-snowflake-dbt\DBT_Snowflake\dbt_project.yml
  Verify that each entry within packages.yml (and their transitive dependencies) contains a file named dbt_project.yml
  
[0m20:52:05.108445 [debug] [MainThread]: Command `dbt compile` failed at 20:52:05.108445 after 0.33 seconds
[0m20:52:05.108445 [debug] [MainThread]: Sending event: {'category': 'dbt', 'action': 'invocation', 'label': 'end', 'context': [<snowplow_tracker.self_describing_json.SelfDescribingJson object at 0x0000020339BC6D50>, <snowplow_tracker.self_describing_json.SelfDescribingJson object at 0x0000020339B9E6C0>, <snowplow_tracker.self_describing_json.SelfDescribingJson object at 0x000002033885BF20>]}
[0m20:52:05.108445 [debug] [MainThread]: Flushing usage events
[0m20:52:06.370000 [debug] [MainThread]: An error was encountered while trying to flush usage events
